================================================================================
Traceback (most recent call last):
PREPARACION DE DATASETS REALES - TODOS LOS AGENTES
================================================================================

1. VALIDACIËN DE DATOS OE2 REALES:
--------------------------------------------------------------------------------
  File "D:\dise±opvbesscar\prepare_datasets_all_agents.py", line 37, in <module>
    print(f"  [{status}] {name:12} | {rows:5} rows Î {cols:3} cols | {path.name}")
  File "C:\Users\Lenovo Legion\AppData\Local\Programs\Python\Python311\Lib\encodings\cp1252.py", line 19, in encode
    return codecs.charmap_encode(input,self.errors,encoding_table)[0]
           ^^^^^^^^^^^^^^^^^^^^^^^^^^^^^^^^^^^^^^^^^^^^^^^^^^^^^^^
UnicodeEncodeError: 'charmap' codec can't encode character '\u2713' in position 3: character maps to <undefined>

During handling of the above exception, another exception occurred:

Traceback (most recent call last):
  File "D:\dise±opvbesscar\prepare_datasets_all_agents.py", line 42, in <module>
    print(f"  [\u2717 ERROR] {name:12} | {str(e)[:60]}")
  File "C:\Users\Lenovo Legion\AppData\Local\Programs\Python\Python311\Lib\encodings\cp1252.py", line 19, in encode
    return codecs.charmap_encode(input,self.errors,encoding_table)[0]
           ^^^^^^^^^^^^^^^^^^^^^^^^^^^^^^^^^^^^^^^^^^^^^^^^^^^^^^^
UnicodeEncodeError: 'charmap' codec can't encode character '\u2717' in position 3: character maps to <undefined>
